This file contains any messages produced by compilers while
running configure, to aid debugging if configure makes a mistake.

It was created by libmpsse configure 1.3, which was
generated by GNU Autoconf 2.65.  Invocation command line was

  $ ./configure --disable-python

## --------- ##
## Platform. ##
## --------- ##

hostname = jocelyn-N53SV
uname -m = x86_64
uname -r = 3.13.0-53-generic
uname -s = Linux
uname -v = #89-Ubuntu SMP Wed May 20 10:34:39 UTC 2015

/usr/bin/uname -p = unknown
/bin/uname -X     = unknown

/bin/arch              = unknown
/usr/bin/arch -k       = unknown
/usr/convex/getsysinfo = unknown
/usr/bin/hostinfo      = unknown
/bin/machine           = unknown
/usr/bin/oslevel       = unknown
/bin/universe          = unknown

PATH: /home/jocelyn/GL/global/bin
PATH: /home/jocelyn/GL/Projet_GL/src/test/script/launchers
PATH: /home/jocelyn/GL/Projet_GL/src/test/script
PATH: /home/jocelyn/GL/Projet_GL/src/main/bin
PATH: /matieres/4MMPGL/GL/global/bin
PATH: /usr/local/sbin
PATH: /usr/local/bin
PATH: /usr/sbin
PATH: /usr/bin
PATH: /sbin
PATH: /bin
PATH: /usr/games
PATH: /usr/local/games


## ----------- ##
## Core tests. ##
## ----------- ##

configure:2123: checking for gcc
configure:2139: found /usr/bin/gcc
configure:2150: result: gcc
configure:2379: checking for C compiler version
configure:2388: gcc --version >&5
gcc (Ubuntu 4.8.2-19ubuntu1) 4.8.2
Copyright (C) 2013 Free Software Foundation, Inc.
This is free software; see the source for copying conditions.  There is NO
warranty; not even for MERCHANTABILITY or FITNESS FOR A PARTICULAR PURPOSE.

configure:2399: $? = 0
configure:2388: gcc -v >&5
Using built-in specs.
COLLECT_GCC=gcc
COLLECT_LTO_WRAPPER=/usr/lib/gcc/x86_64-linux-gnu/4.8/lto-wrapper
Target: x86_64-linux-gnu
Configured with: ../src/configure -v --with-pkgversion='Ubuntu 4.8.2-19ubuntu1' --with-bugurl=file:///usr/share/doc/gcc-4.8/README.Bugs --enable-languages=c,c++,java,go,d,fortran,objc,obj-c++ --prefix=/usr --program-suffix=-4.8 --enable-shared --enable-linker-build-id --libexecdir=/usr/lib --without-included-gettext --enable-threads=posix --with-gxx-include-dir=/usr/include/c++/4.8 --libdir=/usr/lib --enable-nls --with-sysroot=/ --enable-clocale=gnu --enable-libstdcxx-debug --enable-libstdcxx-time=yes --enable-gnu-unique-object --disable-libmudflap --enable-plugin --with-system-zlib --disable-browser-plugin --enable-java-awt=gtk --enable-gtk-cairo --with-java-home=/usr/lib/jvm/java-1.5.0-gcj-4.8-amd64/jre --enable-java-home --with-jvm-root-dir=/usr/lib/jvm/java-1.5.0-gcj-4.8-amd64 --with-jvm-jar-dir=/usr/lib/jvm-exports/java-1.5.0-gcj-4.8-amd64 --with-arch-directory=amd64 --with-ecj-jar=/usr/share/java/eclipse-ecj.jar --enable-objc-gc --enable-multiarch --disable-werror --with-arch-32=i686 --with-abi=m64 --with-multilib-list=m32,m64,mx32 --with-tune=generic --enable-checking=release --build=x86_64-linux-gnu --host=x86_64-linux-gnu --target=x86_64-linux-gnu
Thread model: posix
gcc version 4.8.2 (Ubuntu 4.8.2-19ubuntu1) 
configure:2399: $? = 0
configure:2388: gcc -V >&5
gcc: error: unrecognized command line option '-V'
gcc: fatal error: no input files
compilation terminated.
configure:2399: $? = 4
configure:2388: gcc -qversion >&5
gcc: error: unrecognized command line option '-qversion'
gcc: fatal error: no input files
compilation terminated.
configure:2399: $? = 4
configure:2419: checking whether the C compiler works
configure:2441: gcc    conftest.c  >&5
configure:2445: $? = 0
configure:2494: result: yes
configure:2497: checking for C compiler default output file name
configure:2499: result: a.out
configure:2505: checking for suffix of executables
configure:2512: gcc -o conftest    conftest.c  >&5
configure:2516: $? = 0
configure:2538: result: 
configure:2560: checking whether we are cross compiling
configure:2568: gcc -o conftest    conftest.c  >&5
configure:2572: $? = 0
configure:2579: ./conftest
configure:2583: $? = 0
configure:2598: result: no
configure:2603: checking for suffix of object files
configure:2625: gcc -c   conftest.c >&5
configure:2629: $? = 0
configure:2650: result: o
configure:2654: checking whether we are using the GNU C compiler
configure:2673: gcc -c   conftest.c >&5
configure:2673: $? = 0
configure:2682: result: yes
configure:2691: checking whether gcc accepts -g
configure:2711: gcc -c -g  conftest.c >&5
configure:2711: $? = 0
configure:2752: result: yes
configure:2769: checking for gcc option to accept ISO C89
configure:2833: gcc  -c -g -O2  conftest.c >&5
configure:2833: $? = 0
configure:2846: result: none needed
configure:2879: checking how to run the C preprocessor
configure:2910: gcc -E  conftest.c
configure:2910: $? = 0
configure:2924: gcc -E  conftest.c
conftest.c:9:28: fatal error: ac_nonexistent.h: No such file or directory
 #include <ac_nonexistent.h>
                            ^
compilation terminated.
configure:2924: $? = 1
configure: failed program was:
| /* confdefs.h */
| #define PACKAGE_NAME "libmpsse"
| #define PACKAGE_TARNAME "libmpsse"
| #define PACKAGE_VERSION "1.3"
| #define PACKAGE_STRING "libmpsse 1.3"
| #define PACKAGE_BUGREPORT "http://libmpsse.googlecode.com"
| #define PACKAGE_URL ""
| /* end confdefs.h.  */
| #include <ac_nonexistent.h>
configure:2949: result: gcc -E
configure:2969: gcc -E  conftest.c
configure:2969: $? = 0
configure:2983: gcc -E  conftest.c
conftest.c:9:28: fatal error: ac_nonexistent.h: No such file or directory
 #include <ac_nonexistent.h>
                            ^
compilation terminated.
configure:2983: $? = 1
configure: failed program was:
| /* confdefs.h */
| #define PACKAGE_NAME "libmpsse"
| #define PACKAGE_TARNAME "libmpsse"
| #define PACKAGE_VERSION "1.3"
| #define PACKAGE_STRING "libmpsse 1.3"
| #define PACKAGE_BUGREPORT "http://libmpsse.googlecode.com"
| #define PACKAGE_URL ""
| /* end confdefs.h.  */
| #include <ac_nonexistent.h>
configure:3012: checking for grep that handles long lines and -e
configure:3070: result: /bin/grep
configure:3075: checking for egrep
configure:3137: result: /bin/grep -E
configure:3142: checking for ANSI C header files
configure:3162: gcc -c -g -O2  conftest.c >&5
configure:3162: $? = 0
configure:3235: gcc -o conftest -g -O2   conftest.c  >&5
configure:3235: $? = 0
configure:3235: ./conftest
configure:3235: $? = 0
configure:3246: result: yes
configure:3259: checking for sys/types.h
configure:3259: gcc -c -g -O2  conftest.c >&5
configure:3259: $? = 0
configure:3259: result: yes
configure:3259: checking for sys/stat.h
configure:3259: gcc -c -g -O2  conftest.c >&5
configure:3259: $? = 0
configure:3259: result: yes
configure:3259: checking for stdlib.h
configure:3259: gcc -c -g -O2  conftest.c >&5
configure:3259: $? = 0
configure:3259: result: yes
configure:3259: checking for string.h
configure:3259: gcc -c -g -O2  conftest.c >&5
configure:3259: $? = 0
configure:3259: result: yes
configure:3259: checking for memory.h
configure:3259: gcc -c -g -O2  conftest.c >&5
configure:3259: $? = 0
configure:3259: result: yes
configure:3259: checking for strings.h
configure:3259: gcc -c -g -O2  conftest.c >&5
configure:3259: $? = 0
configure:3259: result: yes
configure:3259: checking for inttypes.h
configure:3259: gcc -c -g -O2  conftest.c >&5
configure:3259: $? = 0
configure:3259: result: yes
configure:3259: checking for stdint.h
configure:3259: gcc -c -g -O2  conftest.c >&5
configure:3259: $? = 0
configure:3259: result: yes
configure:3259: checking for unistd.h
configure:3259: gcc -c -g -O2  conftest.c >&5
configure:3259: $? = 0
configure:3259: result: yes
configure:3272: checking for size_t
configure:3272: gcc -c -g -O2  conftest.c >&5
configure:3272: $? = 0
configure:3272: gcc -c -g -O2  conftest.c >&5
conftest.c: In function 'main':
conftest.c:55:21: error: expected expression before ')' token
 if (sizeof ((size_t)))
                     ^
configure:3272: $? = 1
configure: failed program was:
| /* confdefs.h */
| #define PACKAGE_NAME "libmpsse"
| #define PACKAGE_TARNAME "libmpsse"
| #define PACKAGE_VERSION "1.3"
| #define PACKAGE_STRING "libmpsse 1.3"
| #define PACKAGE_BUGREPORT "http://libmpsse.googlecode.com"
| #define PACKAGE_URL ""
| #define STDC_HEADERS 1
| #define HAVE_SYS_TYPES_H 1
| #define HAVE_SYS_STAT_H 1
| #define HAVE_STDLIB_H 1
| #define HAVE_STRING_H 1
| #define HAVE_MEMORY_H 1
| #define HAVE_STRINGS_H 1
| #define HAVE_INTTYPES_H 1
| #define HAVE_STDINT_H 1
| #define HAVE_UNISTD_H 1
| /* end confdefs.h.  */
| #include <stdio.h>
| #ifdef HAVE_SYS_TYPES_H
| # include <sys/types.h>
| #endif
| #ifdef HAVE_SYS_STAT_H
| # include <sys/stat.h>
| #endif
| #ifdef STDC_HEADERS
| # include <stdlib.h>
| # include <stddef.h>
| #else
| # ifdef HAVE_STDLIB_H
| #  include <stdlib.h>
| # endif
| #endif
| #ifdef HAVE_STRING_H
| # if !defined STDC_HEADERS && defined HAVE_MEMORY_H
| #  include <memory.h>
| # endif
| # include <string.h>
| #endif
| #ifdef HAVE_STRINGS_H
| # include <strings.h>
| #endif
| #ifdef HAVE_INTTYPES_H
| # include <inttypes.h>
| #endif
| #ifdef HAVE_STDINT_H
| # include <stdint.h>
| #endif
| #ifdef HAVE_UNISTD_H
| # include <unistd.h>
| #endif
| int
| main ()
| {
| if (sizeof ((size_t)))
| 	    return 0;
|   ;
|   return 0;
| }
configure:3272: result: yes
configure:3285: checking for stdlib.h
configure:3285: result: yes
configure:3295: checking for GNU libc compatible malloc
configure:3319: gcc -o conftest -g -O2   conftest.c  >&5
configure:3319: $? = 0
configure:3319: ./conftest
configure:3319: $? = 0
configure:3329: result: yes
configure:3355: checking libftdi1/ftdi.h usability
configure:3355: gcc -c -Wall -fPIC -fno-strict-aliasing -g -O2  conftest.c >&5
conftest.c:54:27: fatal error: libftdi1/ftdi.h: No such file or directory
 #include <libftdi1/ftdi.h>
                           ^
compilation terminated.
configure:3355: $? = 1
configure: failed program was:
| /* confdefs.h */
| #define PACKAGE_NAME "libmpsse"
| #define PACKAGE_TARNAME "libmpsse"
| #define PACKAGE_VERSION "1.3"
| #define PACKAGE_STRING "libmpsse 1.3"
| #define PACKAGE_BUGREPORT "http://libmpsse.googlecode.com"
| #define PACKAGE_URL ""
| #define STDC_HEADERS 1
| #define HAVE_SYS_TYPES_H 1
| #define HAVE_SYS_STAT_H 1
| #define HAVE_STDLIB_H 1
| #define HAVE_STRING_H 1
| #define HAVE_MEMORY_H 1
| #define HAVE_STRINGS_H 1
| #define HAVE_INTTYPES_H 1
| #define HAVE_STDINT_H 1
| #define HAVE_UNISTD_H 1
| #define HAVE_STDLIB_H 1
| #define HAVE_MALLOC 1
| /* end confdefs.h.  */
| #include <stdio.h>
| #ifdef HAVE_SYS_TYPES_H
| # include <sys/types.h>
| #endif
| #ifdef HAVE_SYS_STAT_H
| # include <sys/stat.h>
| #endif
| #ifdef STDC_HEADERS
| # include <stdlib.h>
| # include <stddef.h>
| #else
| # ifdef HAVE_STDLIB_H
| #  include <stdlib.h>
| # endif
| #endif
| #ifdef HAVE_STRING_H
| # if !defined STDC_HEADERS && defined HAVE_MEMORY_H
| #  include <memory.h>
| # endif
| # include <string.h>
| #endif
| #ifdef HAVE_STRINGS_H
| # include <strings.h>
| #endif
| #ifdef HAVE_INTTYPES_H
| # include <inttypes.h>
| #endif
| #ifdef HAVE_STDINT_H
| # include <stdint.h>
| #endif
| #ifdef HAVE_UNISTD_H
| # include <unistd.h>
| #endif
| #include <libftdi1/ftdi.h>
configure:3355: result: no
configure:3355: checking libftdi1/ftdi.h presence
configure:3355: gcc -E  conftest.c
conftest.c:21:27: fatal error: libftdi1/ftdi.h: No such file or directory
 #include <libftdi1/ftdi.h>
                           ^
compilation terminated.
configure:3355: $? = 1
configure: failed program was:
| /* confdefs.h */
| #define PACKAGE_NAME "libmpsse"
| #define PACKAGE_TARNAME "libmpsse"
| #define PACKAGE_VERSION "1.3"
| #define PACKAGE_STRING "libmpsse 1.3"
| #define PACKAGE_BUGREPORT "http://libmpsse.googlecode.com"
| #define PACKAGE_URL ""
| #define STDC_HEADERS 1
| #define HAVE_SYS_TYPES_H 1
| #define HAVE_SYS_STAT_H 1
| #define HAVE_STDLIB_H 1
| #define HAVE_STRING_H 1
| #define HAVE_MEMORY_H 1
| #define HAVE_STRINGS_H 1
| #define HAVE_INTTYPES_H 1
| #define HAVE_STDINT_H 1
| #define HAVE_UNISTD_H 1
| #define HAVE_STDLIB_H 1
| #define HAVE_MALLOC 1
| /* end confdefs.h.  */
| #include <libftdi1/ftdi.h>
configure:3355: result: no
configure:3355: checking for libftdi1/ftdi.h
configure:3355: result: no
configure:3372: checking ftdi.h usability
configure:3372: gcc -c -Wall -fPIC -fno-strict-aliasing -g -O2  conftest.c >&5
configure:3372: $? = 0
configure:3372: result: yes
configure:3372: checking ftdi.h presence
configure:3372: gcc -E  conftest.c
configure:3372: $? = 0
configure:3372: result: yes
configure:3372: checking for ftdi.h
configure:3372: result: yes
configure:3384: checking for ftdi_init in -lftdi
configure:3409: gcc -o conftest -Wall -fPIC -fno-strict-aliasing -g -O2   conftest.c -lftdi   >&5
configure:3409: $? = 0
configure:3418: result: yes
configure:3698: creating ./config.status

## ---------------------- ##
## Running config.status. ##
## ---------------------- ##

This file was extended by libmpsse config.status 1.3, which was
generated by GNU Autoconf 2.65.  Invocation command line was

  CONFIG_FILES    = 
  CONFIG_HEADERS  = 
  CONFIG_LINKS    = 
  CONFIG_COMMANDS = 
  $ ./config.status 

on jocelyn-N53SV

config.status:734: creating Makefile

## ---------------- ##
## Cache variables. ##
## ---------------- ##

ac_cv_c_compiler_gnu=yes
ac_cv_env_CC_set=
ac_cv_env_CC_value=
ac_cv_env_CFLAGS_set=
ac_cv_env_CFLAGS_value=
ac_cv_env_CPPFLAGS_set=
ac_cv_env_CPPFLAGS_value=
ac_cv_env_CPP_set=
ac_cv_env_CPP_value=
ac_cv_env_LDFLAGS_set=
ac_cv_env_LDFLAGS_value=
ac_cv_env_LIBS_set=
ac_cv_env_LIBS_value=
ac_cv_env_build_alias_set=
ac_cv_env_build_alias_value=
ac_cv_env_host_alias_set=
ac_cv_env_host_alias_value=
ac_cv_env_target_alias_set=
ac_cv_env_target_alias_value=
ac_cv_func_malloc_0_nonnull=yes
ac_cv_header_ftdi_h=yes
ac_cv_header_inttypes_h=yes
ac_cv_header_libftdi1_ftdi_h=no
ac_cv_header_memory_h=yes
ac_cv_header_stdc=yes
ac_cv_header_stdint_h=yes
ac_cv_header_stdlib_h=yes
ac_cv_header_string_h=yes
ac_cv_header_strings_h=yes
ac_cv_header_sys_stat_h=yes
ac_cv_header_sys_types_h=yes
ac_cv_header_unistd_h=yes
ac_cv_lib_ftdi_ftdi_init=yes
ac_cv_objext=o
ac_cv_path_EGREP='/bin/grep -E'
ac_cv_path_GREP=/bin/grep
ac_cv_prog_CPP='gcc -E'
ac_cv_prog_ac_ct_CC=gcc
ac_cv_prog_cc_c89=
ac_cv_prog_cc_g=yes
ac_cv_type_size_t=yes

## ----------------- ##
## Output variables. ##
## ----------------- ##

BUILD=''
CC='gcc'
CFLAGS='-Wall -fPIC -fno-strict-aliasing -g -O2'
CPP='gcc -E'
CPPFLAGS=''
DEFS='-DPACKAGE_NAME=\"libmpsse\" -DPACKAGE_TARNAME=\"libmpsse\" -DPACKAGE_VERSION=\"1.3\" -DPACKAGE_STRING=\"libmpsse\ 1.3\" -DPACKAGE_BUGREPORT=\"http://libmpsse.googlecode.com\" -DPACKAGE_URL=\"\" -DSTDC_HEADERS=1 -DHAVE_SYS_TYPES_H=1 -DHAVE_SYS_STAT_H=1 -DHAVE_STDLIB_H=1 -DHAVE_STRING_H=1 -DHAVE_MEMORY_H=1 -DHAVE_STRINGS_H=1 -DHAVE_INTTYPES_H=1 -DHAVE_STDINT_H=1 -DHAVE_UNISTD_H=1 -DHAVE_STDLIB_H=1 -DHAVE_MALLOC=1 -DHAVE_FTDI_H=1 -DHAVE_LIBFTDI=1'
ECHO_C=''
ECHO_N='-n'
ECHO_T=''
EGREP='/bin/grep -E'
EXEEXT=''
FRAMEWORK=''
GREP='/bin/grep'
LDFLAGS='-lftdi '
LIBFTDI1='0'
LIBOBJS=''
LIBS='-lftdi '
LTLIBOBJS=''
OBJEXT='o'
PACKAGE_BUGREPORT='http://libmpsse.googlecode.com'
PACKAGE_NAME='libmpsse'
PACKAGE_STRING='libmpsse 1.3'
PACKAGE_TARNAME='libmpsse'
PACKAGE_URL=''
PACKAGE_VERSION='1.3'
PATH_SEPARATOR=':'
PYDEV=''
PYLIB=''
SHELL='/bin/bash'
SONAME='-soname'
SWIG=''
ac_ct_CC='gcc'
bindir='${exec_prefix}/bin'
build_alias=''
datadir='${datarootdir}'
datarootdir='${prefix}/share'
docdir='${datarootdir}/doc/${PACKAGE_TARNAME}'
dvidir='${docdir}'
exec_prefix='${prefix}'
host_alias=''
htmldir='${docdir}'
includedir='${prefix}/include'
infodir='${datarootdir}/info'
libdir='${exec_prefix}/lib'
libexecdir='${exec_prefix}/libexec'
localedir='${datarootdir}/locale'
localstatedir='${prefix}/var'
mandir='${datarootdir}/man'
oldincludedir='/usr/include'
pdfdir='${docdir}'
prefix='/usr/local'
program_transform_name='s,x,x,'
psdir='${docdir}'
sbindir='${exec_prefix}/sbin'
sharedstatedir='${prefix}/com'
sysconfdir='${prefix}/etc'
target_alias=''

## ----------- ##
## confdefs.h. ##
## ----------- ##

/* confdefs.h */
#define PACKAGE_NAME "libmpsse"
#define PACKAGE_TARNAME "libmpsse"
#define PACKAGE_VERSION "1.3"
#define PACKAGE_STRING "libmpsse 1.3"
#define PACKAGE_BUGREPORT "http://libmpsse.googlecode.com"
#define PACKAGE_URL ""
#define STDC_HEADERS 1
#define HAVE_SYS_TYPES_H 1
#define HAVE_SYS_STAT_H 1
#define HAVE_STDLIB_H 1
#define HAVE_STRING_H 1
#define HAVE_MEMORY_H 1
#define HAVE_STRINGS_H 1
#define HAVE_INTTYPES_H 1
#define HAVE_STDINT_H 1
#define HAVE_UNISTD_H 1
#define HAVE_STDLIB_H 1
#define HAVE_MALLOC 1
#define HAVE_FTDI_H 1
#define HAVE_LIBFTDI 1

configure: exit 0
